#
# A fatal error has been detected by the Java Runtime Environment:
#
#  Internal Error (javaClasses.cpp:129), pid=4212, tid=14232
#  fatal error: Invalid layout of preloaded class
#
# JRE version: 7.0_25-b17
# Java VM: Java HotSpot(TM) 64-Bit Server VM (23.25-b01 mixed mode windows-amd64 compressed oops)
# Failed to write core dump. Minidumps are not enabled by default on client versions of Windows
#
# If you would like to submit a bug report, please visit:
#   http://bugreport.sun.com/bugreport/crash.jsp
#

---------------  T H R E A D  ---------------

Current thread (0x0000000000c8e000):  JavaThread "Unknown thread" [_thread_in_vm, id=14232, stack(0x0000000002610000,0x0000000002710000)]

Stack: [0x0000000002610000,0x0000000002710000]

---------------  P R O C E S S  ---------------

Java Threads: ( => current thread )

Other Threads:

=>0x0000000000c8e000 (exited) JavaThread "Unknown thread" [_thread_in_vm, id=14232, stack(0x0000000002610000,0x0000000002710000)]

VM state:not at safepoint (not fully initialized)

VM Mutex/Monitor currently owned by a thread: None

GC Heap History (0 events):
No events

Deoptimization events (0 events):
No events

Internal exceptions (0 events):
No events

Events (10 events):
Event: 0.008 loading class 0x0000000002762640 done
Event: 0.008 loading class 0x0000000002725480 done
Event: 0.008 loading class 0x0000000002725990
Event: 0.008 loading class 0x000000000ba4d890
Event: 0.008 loading class 0x000000000ba4d890 done
Event: 0.008 loading class 0x000000000ba4d0d0
Event: 0.008 loading class 0x000000000ba4d0d0 done
Event: 0.008 loading class 0x000000000ba4c4f0
Event: 0.008 loading class 0x000000000ba4c4f0 done
Event: 0.008 loading class 0x0000000002725990 done


Dynamic libraries:
0x000007f681480000 - 0x000007f6814b3000 	C:\Program Files\Java\jre7\bin\javaw.exe
0x000007fb8ac70000 - 0x000007fb8ae30000 	C:\Windows\SYSTEM32\ntdll.dll
0x000007fb89e60000 - 0x000007fb89f96000 	C:\Windows\system32\KERNEL32.DLL
0x000007fb87290000 - 0x000007fb87383000 	C:\Windows\system32\KERNELBASE.dll
0x000007fb89d20000 - 0x000007fb89dfe000 	C:\Windows\system32\ADVAPI32.dll
0x000007fb87bc0000 - 0x000007fb87d0c000 	C:\Windows\system32\USER32.dll
0x000007fb83510000 - 0x000007fb8377a000 	C:\Windows\WinSxS\amd64_microsoft.windows.common-controls_6595b64144ccf1df_6.0.9200.16579_none_418ab7ef718b27ef\COMCTL32.dll
0x000007fb87390000 - 0x000007fb87435000 	C:\Windows\system32\msvcrt.dll
0x000007fb89e00000 - 0x000007fb89e48000 	C:\Windows\SYSTEM32\sechost.dll
0x000007fb89920000 - 0x000007fb89a65000 	C:\Windows\system32\RPCRT4.dll
0x000007fb87440000 - 0x000007fb87581000 	C:\Windows\system32\GDI32.dll
0x000007fb89000000 - 0x000007fb89039000 	C:\Windows\system32\IMM32.DLL
0x000007fb89450000 - 0x000007fb89565000 	C:\Windows\system32\MSCTF.dll
0x000000005a900000 - 0x000000005a9d1000 	C:\Program Files\Java\jre7\bin\msvcr100.dll
0x000000005a1f0000 - 0x000000005a8ff000 	C:\Program Files\Java\jre7\bin\server\jvm.dll
0x000007fb71e20000 - 0x000007fb71e29000 	C:\Windows\SYSTEM32\WSOCK32.dll
0x000007fb80350000 - 0x000007fb80370000 	C:\Windows\SYSTEM32\WINMM.dll
0x000007fb87d10000 - 0x000007fb87d17000 	C:\Windows\system32\PSAPI.DLL
0x000007fb876f0000 - 0x000007fb87748000 	C:\Windows\system32\WS2_32.dll
0x000007fb800a0000 - 0x000007fb800d2000 	C:\Windows\SYSTEM32\WINMMBASE.dll
0x000007fb87750000 - 0x000007fb87759000 	C:\Windows\system32\NSI.dll
0x000000005c0d0000 - 0x000000005c0df000 	C:\Program Files\Java\jre7\bin\verify.dll
0x000000005c0a0000 - 0x000000005c0c8000 	C:\Program Files\Java\jre7\bin\java.dll
0x000000005a1d0000 - 0x000000005a1e5000 	C:\Program Files\Java\jre7\bin\zip.dll

VM Arguments:
jvm_args: -Dfile.encoding=Cp1252 -Xbootclasspath:C:\Users\Woncheol\AppData\Local\Android\android-sdk\platforms\android-18\android.jar 
java_command: com.dennis.mathacademy.parser.TestEvaluator
Launcher Type: SUN_STANDARD

Environment Variables:
PATH=C:\Program Files (x86)\NVIDIA Corporation\PhysX\Common;C:\Program Files (x86)\Intel\iCLS Client\;C:\Program Files\Intel\iCLS Client\;C:\Windows\system32;C:\Windows;C:\Windows\System32\Wbem;C:\Windows\System32\WindowsPowerShell\v1.0\;C:\Program Files (x86)\Windows Live\Shared;C:\Program Files (x86)\Intel\OpenCL SDK\3.0\bin\x86;C:\Program Files (x86)\Intel\OpenCL SDK\3.0\bin\x64;C:\Program Files\Intel\Intel(R) Management Engine Components\DAL;C:\Program Files\Intel\Intel(R) Management Engine Components\IPT;C:\Program Files (x86)\Intel\Intel(R) Management Engine Components\DAL;C:\Program Files (x86)\Intel\Intel(R) Management Engine Components\IPT;C:\Users\Woncheol\AppData\Local\Smartbar\Application\;C:\Program Files (x86)\Windows Kits\8.0\Windows Performance Toolkit\;C:\Program Files\Java\jre7\bin\
USERNAME=Woncheol
OS=Windows_NT
PROCESSOR_IDENTIFIER=Intel64 Family 6 Model 60 Stepping 3, GenuineIntel



---------------  S Y S T E M  ---------------

OS: Windows 8 , 64 bit Build 9200 

CPU:total 8 (4 cores per cpu, 2 threads per core) family 6 model 60 stepping 3, cmov, cx8, fxsr, mmx, sse, sse2, sse3, ssse3, sse4.1, sse4.2, popcnt, avx, avx2, ht, tsc, tscinvbit

Memory: 4k page, physical 8303344k(4062400k free), swap 9548528k(3925092k free)

vm_info: Java HotSpot(TM) 64-Bit Server VM (23.25-b01) for windows-amd64 JRE (1.7.0_25-b17), built on Jun 21 2013 12:58:32 by "java_re" with unknown MS VC++:1600

time: Wed Aug 21 13:14:15 2013
elapsed time: 0 seconds

